Step 1/14 : FROM node:9.3.0-alpine as builder
 ---> cee518159787
Step 2/14 : COPY package.json ./
 ---> 34371ad327e8
Step 3/14 : RUN mkdir /web
 ---> Running in 0cf9c2443450
Removing intermediate container 0cf9c2443450
 ---> 5343f1727fe1
Step 4/14 : WORKDIR /web
Removing intermediate container dd9872df86e6
 ---> 3ebd39a03970
Step 5/14 : COPY . .
 ---> 8638f88f831f
Step 6/14 : FROM nginx:1.13.8-alpine
 ---> bb00c21b4edf
Step 7/14 : COPY nginx.conf /etc/nginx/nginx.conf
 ---> ce16964ad57e
Step 8/14 : COPY site.conf /etc/nginx/conf.d/default.conf
 ---> 95fe74fb5911
Step 9/14 : RUN rm -rf /usr/share/nginx/html/*
 ---> Running in 0ee5ccc560be
Removing intermediate container 0ee5ccc560be
 ---> b35edacb9cba
Step 10/14 : COPY --from=builder /web/dist /usr/share/nginx/html/
 ---> c026c62548ff
Step 11/14 : RUN touch /var/run/nginx.pid &&   chown -R nginx:nginx /var/run/nginx.pid &&   chown -R nginx:nginx /var/cache/nginx &&   chown -R nginx:nginx /usr/share/nginx/html
 ---> Running in a1a2a7bf74db
Removing intermediate container a1a2a7bf74db
 ---> 48a32636eef0
Step 12/14 : USER nginx
 ---> Running in f5ceb76b212d
Removing intermediate container f5ceb76b212d
 ---> 0c8880883802
Step 13/14 : RUN cd /usr/share/nginx/html/
 ---> Running in 4eaf9b7b92d1
Removing intermediate container 4eaf9b7b92d1
 ---> 3e2d6b0030a5
Step 14/14 : CMD [ "yarn", "run", "prod" ]
 ---> Running in a6f2b8e8c6d7
Removing intermediate container a6f2b8e8c6d7
 ---> 1a9e68431766
Successfully built 1a9e68431766
Successfully tagged rotopros-web:latest
